<?xml version="1.0" encoding="UTF-8"?>
<testng-results ignored="0" total="1" passed="1" failed="0" skipped="0">
  <reporter-output>
  </reporter-output>
  <suite started-at="2025-07-06T11:02:05 IST" name="Default suite" finished-at="2025-07-06T11:02:05 IST" duration-ms="39">
    <groups>
    </groups>
    <test started-at="2025-07-06T11:02:05 IST" name="Default test" finished-at="2025-07-06T11:02:05 IST" duration-ms="39">
      <class name="com.testngdemo.Day1">
        <test-method signature="Demo()[pri:0, instance:com.testngdemo.Day1@52e6fdee]" started-at="2025-07-06T11:02:05 IST" name="Demo" finished-at="2025-07-06T11:02:05 IST" duration-ms="7" status="PASS">
          <reporter-output>
          </reporter-output>
        </test-method> <!-- Demo -->
      </class> <!-- com.testngdemo.Day1 -->
    </test> <!-- Default test -->
  </suite> <!-- Default suite -->
</testng-results>
