<?xml version="1.0" encoding="UTF-8"?>
<testng-results ignored="0" total="2" passed="2" failed="0" skipped="0">
  <reporter-output>
  </reporter-output>
  <suite started-at="2025-07-06T11:12:34 IST" name="Default suite" finished-at="2025-07-06T11:12:34 IST" duration-ms="37">
    <groups>
    </groups>
    <test started-at="2025-07-06T11:12:34 IST" name="Default test" finished-at="2025-07-06T11:12:34 IST" duration-ms="37">
      <class name="com.testngdemo.Day1">
        <test-method signature="Demo()[pri:0, instance:com.testngdemo.Day1@4d9e68d0]" started-at="2025-07-06T11:12:34 IST" name="Demo" finished-at="2025-07-06T11:12:34 IST" duration-ms="6" status="PASS">
          <reporter-output>
          </reporter-output>
        </test-method> <!-- Demo -->
        <test-method signature="Demo2()[pri:0, instance:com.testngdemo.Day1@4d9e68d0]" started-at="2025-07-06T11:12:34 IST" name="Demo2" finished-at="2025-07-06T11:12:34 IST" duration-ms="1" status="PASS">
          <reporter-output>
          </reporter-output>
        </test-method> <!-- Demo2 -->
      </class> <!-- com.testngdemo.Day1 -->
    </test> <!-- Default test -->
  </suite> <!-- Default suite -->
</testng-results>
